<?xml version="1.0" encoding="UTF-8"?>
<testsuite xmlns:xsi="http://www.w3.org/2001/XMLSchema-instance" xsi:noNamespaceSchemaLocation="https://maven.apache.org/surefire/maven-surefire-plugin/xsd/surefire-test-report.xsd" version="3.0.1" name="com.devops.lab.CalculatorTest" time="0.109" tests="5" errors="0" skipped="0" failures="0">
  <properties>
[...]
</properties>
  <testcase name="testMultiplication" classname="com.devops.lab.CalculatorTest" time="0.021"/>
  <testcase name="testAddition" classname="com.devops.lab.CalculatorTest" time="0.0"/>
  <testcase name="testDivisionByZero" classname="com.devops.lab.CalculatorTest" time="0.0"/>
  <testcase name="testDivision" classname="com.devops.lab.CalculatorTest" time="0.0"/>
  <testcase name="testSubtraction" classname="com.devops.lab.CalculatorTest" time="0.0"/>
</testsuite>